[{"line":1,"elements":[{"start_timestamp":"2023-11-30T16:13:28.173Z","before":[{"result":{"duration":1999900,"status":"passed"},"match":{"location":"stepDefinations.Steps.setup()"}}],"line":6,"name":"Successfull Login with valid credentials","description":"","id":"login-to-the-application;successfull-login-with-valid-credentials","after":[{"result":{"error_message":"org.openqa.selenium.WebDriverException: disconnected: not connected to DevTools\n  (failed to check if window was closed: disconnected: not connected to DevTools)\n  (Session info: chrome=119.0.6045.160)\nBuild info: version: '4.15.0', revision: '1d14b5521b'\nSystem info: os.name: 'Windows 11', os.arch: 'amd64', os.version: '10.0', java.version: '17.0.9'\nDriver info: org.openqa.selenium.chrome.ChromeDriver\nCommand: [f821d7cbfbb20b6b0784fb14ec9f8778, close {}]\nCapabilities {acceptInsecureCerts: false, browserName: chrome, browserVersion: 119.0.6045.160, chrome: {chromedriverVersion: 119.0.6045.105 (38c72552c5e..., userDataDir: C:\\Users\\sadiy\\AppData\\Loca...}, fedcm:accounts: true, goog:chromeOptions: {debuggerAddress: localhost:60098}, networkConnectionEnabled: false, pageLoadStrategy: normal, platformName: windows, proxy: Proxy(), se:cdp: ws://localhost:60098/devtoo..., se:cdpVersion: 119.0.6045.160, setWindowRect: true, strictFileInteractability: false, timeouts: {implicit: 0, pageLoad: 300000, script: 30000}, unhandledPromptBehavior: dismiss and notify, webauthn:extension:credBlob: true, webauthn:extension:largeBlob: true, webauthn:extension:minPinLength: true, webauthn:extension:prf: true, webauthn:virtualAuthenticators: true}\nSession ID: f821d7cbfbb20b6b0784fb14ec9f8778\r\n\tat java.base/jdk.internal.reflect.NativeConstructorAccessorImpl.newInstance0(Native Method)\r\n\tat java.base/jdk.internal.reflect.NativeConstructorAccessorImpl.newInstance(NativeConstructorAccessorImpl.java:77)\r\n\tat java.base/jdk.internal.reflect.DelegatingConstructorAccessorImpl.newInstance(DelegatingConstructorAccessorImpl.java:45)\r\n\tat java.base/java.lang.reflect.Constructor.newInstanceWithCaller(Constructor.java:499)\r\n\tat java.base/java.lang.reflect.Constructor.newInstance(Constructor.java:480)\r\n\tat org.openqa.selenium.remote.codec.w3c.W3CHttpResponseCodec.createException(W3CHttpResponseCodec.java:200)\r\n\tat org.openqa.selenium.remote.codec.w3c.W3CHttpResponseCodec.decode(W3CHttpResponseCodec.java:133)\r\n\tat org.openqa.selenium.remote.codec.w3c.W3CHttpResponseCodec.decode(W3CHttpResponseCodec.java:52)\r\n\tat org.openqa.selenium.remote.HttpCommandExecutor.execute(HttpCommandExecutor.java:191)\r\n\tat org.openqa.selenium.remote.service.DriverCommandExecutor.invokeExecute(DriverCommandExecutor.java:200)\r\n\tat org.openqa.selenium.remote.service.DriverCommandExecutor.execute(DriverCommandExecutor.java:175)\r\n\tat org.openqa.selenium.remote.RemoteWebDriver.execute(RemoteWebDriver.java:607)\r\n\tat org.openqa.selenium.remote.RemoteWebDriver.execute(RemoteWebDriver.java:680)\r\n\tat org.openqa.selenium.remote.RemoteWebDriver.execute(RemoteWebDriver.java:684)\r\n\tat org.openqa.selenium.remote.RemoteWebDriver.close(RemoteWebDriver.java:414)\r\n\tat stepDefinations.Steps.teardown(Steps.java:43)\r\n","duration":17995700,"status":"failed"},"match":{"location":"stepDefinations.Steps.teardown()"}}],"type":"scenario","keyword":"Scenario","steps":[{"result":{"duration":1620567100,"status":"passed"},"line":7,"name":"User Launch browser","match":{"location":"stepDefinations.Steps.user_launch_browser()"},"keyword":"Given "},{"result":{"duration":1847439100,"status":"passed"},"line":8,"name":"Open URL \"https://rahulshettyacademy.com/client/auth/login\"","match":{"arguments":[{"val":"\"https://rahulshettyacademy.com/client/auth/login\"","offset":9}],"location":"stepDefinations.Steps.open_url(java.lang.String)"},"keyword":"And "},{"result":{"error_message":"org.openqa.selenium.NoSuchElementException: Unable to find element with locator By.xpath: //input[@id='userEmail']\nFor documentation on this error, please visit: https://www.selenium.dev/documentation/webdriver/troubleshooting/errors#no-such-element-exception\nBuild info: version: '4.15.0', revision: '1d14b5521b'\nSystem info: os.name: 'Windows 11', os.arch: 'amd64', os.version: '10.0', java.version: '17.0.9'\nDriver info: driver.version: RemoteWebDriver\r\n\tat org.openqa.selenium.remote.ElementLocation$ElementFinder$2.findElement(ElementLocation.java:168)\r\n\tat org.openqa.selenium.remote.ElementLocation.findElement(ElementLocation.java:59)\r\n\tat org.openqa.selenium.remote.RemoteWebDriver.findElement(RemoteWebDriver.java:364)\r\n\tat org.openqa.selenium.remote.RemoteWebDriver.findElement(RemoteWebDriver.java:358)\r\n\tat stepDefinations.Steps.user_enters_email_as_and_password_as(Steps.java:80)\r\n\tat âœ½.User enters Email as \"mtohfiksattar@gmail.com\" and password as \"Armaan@123\"(file:///C:/Users/sadiy/Desktop/EclipseprojectWorkspace/cucumber/./Features/Login.feature:10)\r\n","duration":2070470000,"status":"failed"},"line":10,"name":"User enters Email as \"mtohfiksattar@gmail.com\" and password as \"Armaan@123\"","match":{"arguments":[{"val":"\"mtohfiksattar@gmail.com\"","offset":21},{"val":"\"Armaan@123\"","offset":63}],"location":"stepDefinations.Steps.user_enters_email_as_and_password_as(java.lang.String,java.lang.String)"},"keyword":"When "},{"result":{"duration":4120600,"status":"skipped"},"line":11,"name":"click on Login button","match":{"location":"stepDefinations.Steps.click_on_login_button()"},"keyword":"And "},{"result":{"status":"skipped"},"line":12,"name":"User navigate to My Account page","match":{"location":"stepDefinations.Steps.user_navigate_to_my_account_page()"},"keyword":"Then "}],"tags":[{"name":"@sanity"}]}],"name":"Login to the application","description":"","id":"login-to-the-application","keyword":"Feature","uri":"file:Features/Login.feature","tags":[]}]